<?xml version="1.0" encoding="UTF-8"?>
<!-- Generated by org.testng.reporters.JUnitReportReporter -->
<testsuite skipped="0" hostname="DESKTOP-CG9G5TL" name="com.facebook.testcases.FacebookValidetion" tests="1" failures="0" timestamp="09 Aug 2019 11:30:52 GMT" time="39.221" errors="0">
  <testcase name="checkValidation" time="39.221" classname="com.facebook.testcases.FacebookValidetion"/>
</testsuite> <!-- com.facebook.testcases.FacebookValidetion -->
