<?xml version="1.0" encoding="UTF-8"?>
<!-- Generated by org.testng.reporters.JUnitReportReporter -->
<testsuite skipped="0" hostname="DESKTOP-CG9G5TL" name="dataDrivenWithTestNG.FacebookRegistration" tests="1" failures="0" timestamp="03 Jul 2019 03:46:37 GMT" time="22.574" errors="0">
  <testcase name="Registration" time="22.574" classname="dataDrivenWithTestNG.FacebookRegistration"/>
</testsuite> <!-- dataDrivenWithTestNG.FacebookRegistration -->
