<?xml version="1.0" encoding="UTF-8"?>
<!-- Generated by org.testng.reporters.JUnitReportReporter -->
<testsuite skipped="0" hostname="DESKTOP-CG9G5TL" name="data.driven.testing.DDT" tests="3" failures="0" timestamp="30 Jun 2019 10:03:12 GMT" time="95.886" errors="0">
  <testcase name="login" time="23.112" classname="data.driven.testing.DDT"/>
  <testcase name="login" time="55.975" classname="data.driven.testing.DDT"/>
  <testcase name="login" time="16.799" classname="data.driven.testing.DDT"/>
</testsuite> <!-- data.driven.testing.DDT -->
